<?xml version="1.0" encoding="UTF-8"?>
<!-- Generated by org.testng.reporters.JUnitXMLReporter -->
<testsuite ignored="0" hostname="DESKTOP-7UOFI28" failures="0" tests="3" name="GRP-login application" time="0.049" errors="0" timestamp="2023-05-16T17:40:38 IST">
  <testcase classname="test.TestGroup4" name="testA" time="0.004"/>
  <testcase classname="test.TestGroup4" name="testB" time="0.002"/>
  <testcase classname="test.TestGroup4" name="testC" time="0.001"/>
</testsuite> <!-- GRP-login application -->
