<?xml version="1.0" encoding="UTF-8"?>
<!-- Generated by org.testng.reporters.JUnitXMLReporter -->
<testsuite ignored="2" hostname="DESKTOP-7UOFI28" failures="0" tests="1" name="GRP-bvt" time="0.039" errors="0" timestamp="2023-04-27T12:27:51 IST">
  <testcase classname="test.GroupTest" name="testC" time="0.007"/>
  <testcase classname="test.GroupTest" name="testA" time="0.0">
    <ignored/>
  </testcase> <!-- testA -->
  <testcase classname="test.GroupTest" name="testB" time="0.0">
    <ignored/>
  </testcase> <!-- testB -->
</testsuite> <!-- GRP-bvt -->
