<?xml version="1.0" encoding="UTF-8"?>
<!-- Generated by org.testng.reporters.JUnitXMLReporter -->
<testsuite ignored="2" hostname="DESKTOP-7UOFI28" failures="0" tests="1" name="GRP-Sanity" time="0.046" errors="0" timestamp="2023-05-26T10:59:34 IST">
  <testcase classname="test.TestGroup4" name="testC" time="0.005"/>
  <testcase classname="test.TestGroup4" name="testB" time="0.0">
    <ignored/>
  </testcase> <!-- testB -->
  <testcase classname="test.TestGroup4" name="testA" time="0.0">
    <ignored/>
  </testcase> <!-- testA -->
</testsuite> <!-- GRP-Sanity -->
