<?xml version="1.0" encoding="UTF-8"?>
<!-- Generated by org.testng.reporters.JUnitXMLReporter -->
<testsuite ignored="1" hostname="DESKTOP-7UOFI28" failures="0" tests="2" name="GRP-regression" time="0.052" errors="0" timestamp="2023-05-26T11:00:05 IST">
  <testcase classname="test.TestGroup4" name="testA" time="0.007"/>
  <testcase classname="test.TestGroup4" name="testB" time="0.001"/>
  <testcase classname="test.TestGroup4" name="testC" time="0.0">
    <ignored/>
  </testcase> <!-- testC -->
</testsuite> <!-- GRP-regression -->
