<?xml version="1.0" encoding="UTF-8"?>
<!-- Generated by org.testng.reporters.JUnitXMLReporter -->
<testsuite ignored="0" hostname="DESKTOP-7UOFI28" failures="2" tests="2" name="Grouptest" time="0.037" errors="0" timestamp="2023-05-26T11:48:16 IST">
  <testcase classname="test.TestListner9" name="lunch" time="0.006">
    <failure type="java.lang.NullPointerException" message="Cannot invoke &amp;quot;org.openqa.selenium.WebDriver.get(String)&amp;quot; because &amp;quot;test.TestListner9.driver&amp;quot; is null">
      <![CDATA[java.lang.NullPointerException: Cannot invoke "org.openqa.selenium.WebDriver.get(String)" because "test.TestListner9.driver" is null
at test.TestListner9.lunch(TestListner9.java:12)
at java.base/java.util.ArrayList.forEach(ArrayList.java:1511)
... Removed 27 stack frames]]>
    </failure>
  </testcase> <!-- lunch -->
  <testcase classname="test.TestListner9" name="lunch" time="0.02">
    <failure type="java.lang.NullPointerException" message="Cannot invoke &amp;quot;org.openqa.selenium.TakesScreenshot.getScreenshotAs(org.openqa.selenium.OutputType)&amp;quot; because &amp;quot;test.TestUtils.driver&amp;quot; is null">
      <![CDATA[java.lang.NullPointerException: Cannot invoke "org.openqa.selenium.TakesScreenshot.getScreenshotAs(org.openqa.selenium.OutputType)" because "test.TestUtils.driver" is null
at test.TestUtils.getscreenshot(TestUtils.java:18)
at test.TestListner8.onTestFailure(TestListner8.java:29)
at java.base/java.util.ArrayList.forEach(ArrayList.java:1511)
... Removed 24 stack frames]]>
    </failure>
  </testcase> <!-- lunch -->
</testsuite> <!-- Grouptest -->
