<?xml version="1.0" encoding="UTF-8"?>
<!-- Generated by org.testng.reporters.JUnitXMLReporter -->
<testsuite ignored="1" hostname="DESKTOP-7UOFI28" failures="0" tests="8" name="Test" time="30.965" errors="0" timestamp="2023-05-04T08:17:37 IST">
  <testcase classname="test.TestNg" name="login" time="0.009"/>
  <testcase classname="test.TestNg" name="logout" time="0.002"/>
  <testcase classname="test.TestCase1" name="testcase1" time="30.874"/>
  <testcase classname="test.GroupTest" name="testA" time="0.001"/>
  <testcase classname="test.GroupTest" name="testB" time="0.001"/>
  <testcase classname="test.GroupTest" name="testC" time="0.002"/>
  <testcase classname="test.SkipingTest" name="skiptest2B" time="0.001"/>
  <testcase classname="test.SkipingTest" name="skiptest3C" time="0.002"/>
  <testcase classname="test.SkipingTest" name="skiptest1" time="0.0">
    <ignored/>
  </testcase> <!-- skiptest1 -->
</testsuite> <!-- Test -->
