<?xml version="1.0" encoding="UTF-8"?>
<testng-results ignored="0" total="2" passed="2" failed="0" skipped="0">
  <reporter-output>
  </reporter-output>
  <suite started-at="2023-11-26T17:14:29 IST" name="Default suite" finished-at="2023-11-26T17:14:29 IST" duration-ms="71">
    <groups>
    </groups>
    <test started-at="2023-11-26T17:14:29 IST" name="Default test" finished-at="2023-11-26T17:14:29 IST" duration-ms="71">
      <class name="test.TestAnnotation1">
        <test-method is-config="true" signature="logintoApllication()[pri:0, instance:test.TestAnnotation1@6babf3bf]" started-at="2023-11-26T17:14:29 IST" name="logintoApllication" finished-at="2023-11-26T17:14:29 IST" duration-ms="11" status="PASS">
          <reporter-output>
          </reporter-output>
        </test-method> <!-- logintoApllication -->
        <test-method is-config="true" signature="connecttodb()[pri:0, instance:test.TestAnnotation1@6babf3bf]" started-at="2023-11-26T17:14:29 IST" name="connecttodb" finished-at="2023-11-26T17:14:29 IST" duration-ms="1" status="PASS">
          <reporter-output>
          </reporter-output>
        </test-method> <!-- connecttodb -->
        <test-method signature="login()[pri:1, instance:test.TestAnnotation1@6babf3bf]" started-at="2023-11-26T17:14:29 IST" name="login" finished-at="2023-11-26T17:14:29 IST" duration-ms="8" status="PASS">
          <reporter-output>
          </reporter-output>
        </test-method> <!-- login -->
        <test-method is-config="true" signature="closetodb()[pri:0, instance:test.TestAnnotation1@6babf3bf]" started-at="2023-11-26T17:14:29 IST" name="closetodb" finished-at="2023-11-26T17:14:29 IST" duration-ms="1" status="PASS">
          <reporter-output>
          </reporter-output>
        </test-method> <!-- closetodb -->
        <test-method signature="logout()[pri:2, instance:test.TestAnnotation1@6babf3bf]" started-at="2023-11-26T17:14:29 IST" name="logout" finished-at="2023-11-26T17:14:29 IST" duration-ms="3" status="PASS">
          <reporter-output>
          </reporter-output>
        </test-method> <!-- logout -->
        <test-method is-config="true" signature="connecttodb()[pri:0, instance:test.TestAnnotation1@6babf3bf]" started-at="2023-11-26T17:14:29 IST" name="connecttodb" finished-at="2023-11-26T17:14:29 IST" duration-ms="0" status="PASS">
          <reporter-output>
          </reporter-output>
        </test-method> <!-- connecttodb -->
        <test-method is-config="true" signature="closetodb()[pri:0, instance:test.TestAnnotation1@6babf3bf]" started-at="2023-11-26T17:14:29 IST" name="closetodb" finished-at="2023-11-26T17:14:29 IST" duration-ms="1" status="PASS">
          <reporter-output>
          </reporter-output>
        </test-method> <!-- closetodb -->
        <test-method is-config="true" signature="logouttoApllication()[pri:0, instance:test.TestAnnotation1@6babf3bf]" started-at="2023-11-26T17:14:29 IST" name="logouttoApllication" finished-at="2023-11-26T17:14:29 IST" duration-ms="0" status="PASS">
          <reporter-output>
          </reporter-output>
        </test-method> <!-- logouttoApllication -->
      </class> <!-- test.TestAnnotation1 -->
    </test> <!-- Default test -->
  </suite> <!-- Default suite -->
</testng-results>
